<?xml version="1.0" encoding="UTF-8"?>
<testsuite name="co.com.bcp.runners.TestRunner" tests="0" skipped="0" failures="0" errors="0" timestamp="1970-01-01T00:00:00" hostname="WPBC283401" time="0.0">
  <properties/>
  <system-out><![CDATA[]]></system-out>
  <system-err><![CDATA[[Test worker] INFO io.cucumber.core.plugin.SerenityReporter - Running feature from file:///C:/automatizacion/bcp-soli-mobile-automation-testing/src/test/resources/features/soli/login.feature
[Test worker] INFO  - ?[96m

-------------------------------------------------------------------------------------
     _______. _______ .______       _______ .__   __.  __  .___________.____    ____ 
    /       ||   ____||   _  \     |   ____||  \ |  | |  | |           |\   \  /   / 
   |   (----`|  |__   |  |_)  |    |  |__   |   \|  | |  | `---|  |----` \   \/   /  
    \   \    |   __|  |      /     |   __|  |  . `  | |  |     |  |       \_    _/   
.----)   |   |  |____ |  |\  \----.|  |____ |  |\   | |  |     |  |         |  |     
|_______/    |_______|| _| `._____||_______||__| \__| |__|     |__|         |__|    
                                                                                     
 News and tutorials at http://www.serenity-bdd.info                                  
 Documentation at https://wakaleo.gitbooks.io/the-serenity-book/content/             
 Join the Serenity Community on Gitter: https://gitter.im/serenity-bdd/serenity-core 
 Serenity BDD Support and Training at http://serenity-bdd.info/#/trainingandsupport  
-------------------------------------------------------------------------------------
?[0m
[Test worker] INFO  - Test Suite Started: SOLI BCP
[Test worker] INFO io.cucumber.core.plugin.SerenityReporter - Running feature from file:///C:/automatizacion/bcp-soli-mobile-automation-testing/src/test/resources/features/soli/movimientos_soli.feature
[Test worker] INFO  - Test Suite Started: SOLI BCP
[Test worker] INFO io.cucumber.core.plugin.SerenityReporter - Running feature from file:///C:/automatizacion/bcp-soli-mobile-automation-testing/src/test/resources/features/soli/transferencia_soli.feature
[Test worker] INFO  - Test Suite Started: SOLI BCP
[Test worker] INFO io.cucumber.core.plugin.SerenityReporter - Running feature from file:///C:/automatizacion/bcp-soli-mobile-automation-testing/src/test/resources/features/soli/login.feature
[Test worker] INFO  - Test Suite Started: SOLI BCP
[pool-2-thread-1] INFO serenity.reporting - 
---------------------------------------------------------
| TEST NAME:   ?[1mRealizar el logueo de usuario ya existente?[0m
| RESULT:      ?[91mFailing?[0m
| REQUIREMENT: SOLI BCP
| REPORT:      ?[96mfile:///C:/automatizacion/bcp-soli-mobile-automation-testing/target/site/serenity/c42304ce38a21a0208dbce79ecf2f172ccc1f31ea60a6b882f2ef5389dca5245.html?[0m
---------------------------------------------------------
?[32m?[1m?????????????????????????????????????????????????????????????????????????????[0m
?[32m?[1m??[0m View your Cucumber Report at:                                            ?[32m?[1m??[0m
?[32m?[1m??[0m ?[1m?[36m?[4mhttps://reports.cucumber.io/reports/70e84df5-a34b-42c9-beb7-94cea0083a8e?[0m ?[32m?[1m??[0m
?[32m?[1m??[0m                                                                          ?[32m?[1m??[0m
?[32m?[1m??[0m ?[1mThis report will self-destruct in 24h.?[0m                                   ?[32m?[1m??[0m
?[32m?[1m??[0m Keep reports forever: ?[4m?[1m?[36mhttps://reports.cucumber.io/profile?[0m                ?[32m?[1m??[0m
?[32m?[1m?????????????????????????????????????????????????????????????????????????????[0m]]></system-err>
</testsuite>
