<?xml version="1.0" encoding="UTF-8"?>
<testsuite name="SOLI BCP #1" tests="2" skipped="0" failures="1" errors="0" timestamp="2023-08-07T21:57:24" hostname="WPBC283401" time="115.257">
  <properties/>
  <testcase name="Realizar el logueo de usuario ya existente #1" classname="SOLI BCP #1" time="59.721"/>
  <testcase name="Realizar el logueo de usuario ya existente #2" classname="SOLI BCP #1" time="55.536">
    <failure message="java.lang.AssertionError: &#10;Expected: an element that is enabled&#10;     but: no matching element found by [Valido inicio sesion located with: xpath: //android.widget.TextView[contains(@text,'Saldo')]] was not enabled" type="java.lang.AssertionError">java.lang.AssertionError: 
Expected: an element that is enabled
     but: no matching element found by [Valido inicio sesion located with: xpath: //android.widget.TextView[contains(@text,'Saldo')]] was not enabled
	at net.serenitybdd.screenplay.ErrorTally.throwSummaryExceptionFrom(ErrorTally.java:38)
	at net.serenitybdd.screenplay.ErrorTally.reportAnyErrors(ErrorTally.java:32)
	at net.serenitybdd.screenplay.Actor.should(Actor.java:353)
	at co.com.bcp.steps.soli.LoginSteps.validoQueInicieSesion(LoginSteps.java:50)
	at ✽.valido que inicie sesion(file:///C:/automatizacion/bcp-soli-mobile-automation-testing/src/test/resources/features/soli/login.feature:13)
</failure>
  </testcase>
  <system-out><![CDATA[
@login_soli
Esquema del escenario: Realizar el logueo de usuario ya existente ?[90m# src/test/resources/features/soli/login.feature:16?[0m
?[92m|-- 1: Realizar el logueo de usuario ya existente ({celular=71542767, password=1234})?[0m
?[92m|---- Dado Ingreso a soli?[0m
  ?[32mDado ?[0m?[32mIngreso a soli?[0m                                             ?[90m# co.com.bcp.steps.soli.LoginSteps.ingresoASoli()?[0m
?[92m|---- Y valido que estoy dentro de soli?[0m
?[92m|------ Then the Ingreso a loguearme is enabled -  should be (true)?[0m
  ?[32mY ?[0m?[32mvalido que estoy dentro de soli?[0m                               ?[90m# co.com.bcp.steps.soli.LoginSteps.validoQueEstoyDentroDeSoli()?[0m
?[92m|---- Cuando ingreso opcion ya tengo cuenta?[0m
?[92m|------ Tester pantalla tengo cuenta?[0m
?[92m|-------- TESTER clicks on Ingreso a loguearme?[0m
  ?[32mCuando ?[0m?[32mingreso opcion ya tengo cuenta?[0m                           ?[90m# co.com.bcp.steps.soli.LoginSteps.ingresoOpcionYaTengoCuenta()?[0m
?[92m|---- Y ingreso mi celular "71542767"?[0m
?[92m|------ Tester ingreso celular registrado?[0m
?[92m|-------- TESTER clicks on Ingreso celular?[0m
?[92m|-------- TESTER enters '71542767' into Ingreso celular?[0m
  ?[32mY ?[0m?[32mingreso mi celular ?[0m?[32m?[1m"71542767"?[0m                                 ?[90m# co.com.bcp.steps.soli.LoginSteps.ingresoMiCelular(java.lang.String)?[0m
?[92m|---- Y ingreso mi password "1234"?[0m
?[92m|------ Tester ingreso password?[0m
?[92m|-------- TESTER enters '1' into Ingreso pin1?[0m
?[92m|-------- TESTER enters '2' into Ingreso pin2?[0m
?[92m|-------- TESTER enters '3' into Ingreso pin3?[0m
?[92m|-------- TESTER enters '4' into Ingreso pin4?[0m
  ?[32mY ?[0m?[32mingreso mi password ?[0m?[32m?[1m"1234"?[0m                                    ?[90m# co.com.bcp.steps.soli.LoginSteps.ingresoMiPassword(java.lang.String)?[0m
?[92m|---- Y doy clic al boton ingresar?[0m
?[92m|------ Tester ingreso soli?[0m
?[92m|-------- TESTER clicks on Boton de Logueo Usuario?[0m
  ?[32mY ?[0m?[32mdoy clic al boton ingresar?[0m                                    ?[90m# co.com.bcp.steps.soli.LoginSteps.doyClicAlBotonIngresar()?[0m
?[92m|---- Entonces valido que inicie sesion?[0m
?[92m|------ Then the Valido inicio sesion is enabled -  should be (true)?[0m
  ?[32mEntonces ?[0m?[32mvalido que inicie sesion?[0m                               ?[90m# co.com.bcp.steps.soli.LoginSteps.validoQueInicieSesion()?[0m

@login_soli
Esquema del escenario: Realizar el logueo de usuario ya existente ?[90m# src/test/resources/features/soli/login.feature:17?[0m
?[92m|-- 2: Realizar el logueo de usuario ya existente ({celular=71532355, password=1234})?[0m
?[92m|---- Dado Ingreso a soli?[0m
  ?[32mDado ?[0m?[32mIngreso a soli?[0m                                             ?[90m# co.com.bcp.steps.soli.LoginSteps.ingresoASoli()?[0m
?[92m|---- Y valido que estoy dentro de soli?[0m
?[92m|------ Then the Ingreso a loguearme is enabled -  should be (true)?[0m
  ?[32mY ?[0m?[32mvalido que estoy dentro de soli?[0m                               ?[90m# co.com.bcp.steps.soli.LoginSteps.validoQueEstoyDentroDeSoli()?[0m
?[92m|---- Cuando ingreso opcion ya tengo cuenta?[0m
?[92m|------ Tester pantalla tengo cuenta?[0m
?[92m|-------- TESTER clicks on Ingreso a loguearme?[0m
  ?[32mCuando ?[0m?[32mingreso opcion ya tengo cuenta?[0m                           ?[90m# co.com.bcp.steps.soli.LoginSteps.ingresoOpcionYaTengoCuenta()?[0m
?[92m|---- Y ingreso mi celular "71532355"?[0m
?[92m|------ Tester ingreso celular registrado?[0m
?[92m|-------- TESTER clicks on Ingreso celular?[0m
?[92m|-------- TESTER enters '71532355' into Ingreso celular?[0m
  ?[32mY ?[0m?[32mingreso mi celular ?[0m?[32m?[1m"71532355"?[0m                                 ?[90m# co.com.bcp.steps.soli.LoginSteps.ingresoMiCelular(java.lang.String)?[0m
?[92m|---- Y ingreso mi password "1234"?[0m
?[92m|------ Tester ingreso password?[0m
?[92m|-------- TESTER enters '1' into Ingreso pin1?[0m
?[92m|-------- TESTER enters '2' into Ingreso pin2?[0m
?[92m|-------- TESTER enters '3' into Ingreso pin3?[0m
?[92m|-------- TESTER enters '4' into Ingreso pin4?[0m
  ?[32mY ?[0m?[32mingreso mi password ?[0m?[32m?[1m"1234"?[0m                                    ?[90m# co.com.bcp.steps.soli.LoginSteps.ingresoMiPassword(java.lang.String)?[0m
?[92m|---- Y doy clic al boton ingresar?[0m
?[92m|------ Tester ingreso soli?[0m
?[92m|-------- TESTER clicks on Boton de Logueo Usuario?[0m
  ?[32mY ?[0m?[32mdoy clic al boton ingresar?[0m                                    ?[90m# co.com.bcp.steps.soli.LoginSteps.doyClicAlBotonIngresar()?[0m
?[92m|---- Entonces valido que inicie sesion?[0m
?[92m|------ Then the Valido inicio sesion is enabled -  should be (true)?[0m
?[92m|-------- Answered by: TESTER?[0m
  ?[31mEntonces ?[0m?[31mvalido que inicie sesion?[0m                               ?[90m# co.com.bcp.steps.soli.LoginSteps.validoQueInicieSesion()?[0m
      ?[31mjava.lang.AssertionError: 
Expected: an element that is enabled
     but: no matching element found by [Valido inicio sesion located with: xpath: //android.widget.TextView[contains(@text,'Saldo')]] was not enabled
	at net.serenitybdd.screenplay.ErrorTally.throwSummaryExceptionFrom(ErrorTally.java:38)
	at net.serenitybdd.screenplay.ErrorTally.reportAnyErrors(ErrorTally.java:32)
	at net.serenitybdd.screenplay.Actor.should(Actor.java:353)
	at co.com.bcp.steps.soli.LoginSteps.validoQueInicieSesion(LoginSteps.java:50)
	at âœ½.valido que inicie sesion(file:///C:/automatizacion/bcp-soli-mobile-automation-testing/src/test/resources/features/soli/login.feature:13)
?[0m
]]></system-out>
  <system-err><![CDATA[[Test worker] INFO io.cucumber.core.plugin.SerenityReporter - Running feature from file:///C:/automatizacion/bcp-soli-mobile-automation-testing/src/test/resources/features/soli/login.feature
[Test worker] INFO  - 
  _____   ___   ___   _____     ___   _____     _     ___   _____   ___   ___  
 |_   _| | __| / __| |_   _|   / __| |_   _|   /_\   | _ \ |_   _| | __| |   \ 
   | |   | _|  \__ \   | |     \__ \   | |    / _ \  |   /   | |   | _|  | |) |
   |_|   |___| |___/   |_|     |___/   |_|   /_/ \_\ |_|_\   |_|   |___| |___/ 

Realizar el logueo de usuario ya existente(soli-bcp;realizar-el-logueo-de-usuario-ya-existente)
--------------------------------------------------------------------------------
[Test worker] INFO  - ?[92m
  _____   ___   ___   _____     ___     _     ___   ___   ___   ___  
 |_   _| | __| / __| |_   _|   | _ \   /_\   / __| / __| | __| |   \ 
   | |   | _|  \__ \   | |     |  _/  / _ \  \__ \ \__ \ | _|  | |) |
   |_|   |___| |___/   |_|     |_|   /_/ \_\ |___/ |___/ |___| |___/ 

Realizar el logueo de usuario ya existente
----------------------------------------------------------------------?[0m
[Test worker] INFO io.cucumber.core.plugin.SerenityReporter - Running feature from file:///C:/automatizacion/bcp-soli-mobile-automation-testing/src/test/resources/features/soli/login.feature
[Test worker] INFO  - ?[91mSTEP FAILURE: java.lang.AssertionError: 
Expected: an element that is enabled
     but: no matching element found by [Valido inicio sesion located with: xpath: //android.widget.TextView[contains(@text,'Saldo')]] was not enabled?[0m
[Test worker] INFO  - ?[91mSTEP FAILURE: java.lang.AssertionError: 
Expected: an element that is enabled
     but: no matching element found by [Valido inicio sesion located with: xpath: //android.widget.TextView[contains(@text,'Saldo')]] was not enabled?[0m
[Test worker] INFO  - ?[91mSTEP FAILURE: java.lang.AssertionError: 
Expected: an element that is enabled
     but: no matching element found by [Valido inicio sesion located with: xpath: //android.widget.TextView[contains(@text,'Saldo')]] was not enabled?[0m
[Test worker] INFO  - ?[91mSTEP FAILURE: java.lang.AssertionError: 
Expected: an element that is enabled
     but: no matching element found by [Valido inicio sesion located with: xpath: //android.widget.TextView[contains(@text,'Saldo')]] was not enabled?[0m
[Test worker] INFO  - ?[91mSTEP FAILURE: java.lang.AssertionError: 
Expected: an element that is enabled
     but: no matching element found by [Valido inicio sesion located with: xpath: //android.widget.TextView[contains(@text,'Saldo')]] was not enabled?[0m
[Test worker] INFO  - ?[91mSTEP FAILURE: java.lang.AssertionError: 
Expected: an element that is enabled
     but: no matching element found by [Valido inicio sesion located with: xpath: //android.widget.TextView[contains(@text,'Saldo')]] was not enabled?[0m
[Test worker] ERROR  - ?[91m
  _____   ___   ___   _____     ___     _     ___   _      ___   ___  
 |_   _| | __| / __| |_   _|   | __|   /_\   |_ _| | |    | __| |   \ 
   | |   | _|  \__ \   | |     | _|   / _ \   | |  | |__  | _|  | |) |
   |_|   |___| |___/   |_|     |_|   /_/ \_\ |___| |____| |___| |___/ 

Realizar el logueo de usuario ya existente
-----------------------------------------------------------------------?[0m
[Test worker] ERROR  - ?[91m    Test failed at step: Entonces valido que inicie sesion?[0m
[Test worker] ERROR  - ?[91m    Expected: an element that is enabled but: no matching element found by [Valido inicio sesion located with: xpath: //android.widget.TextView[contains(@text,'Saldo')]] was not enabled?[0m
]]></system-err>
</testsuite>
